Started GET "/" for 127.0.0.1 at 2018-12-17 21:16:24 +0545
Processing by Rails::WelcomeController#index as HTML
  Rendering C:/RailsInstaller/Ruby2.3.3/lib/ruby/gems/2.3.0/gems/railties-5.2.2/lib/rails/templates/rails/welcome/index.html.erb
  Rendered C:/RailsInstaller/Ruby2.3.3/lib/ruby/gems/2.3.0/gems/railties-5.2.2/lib/rails/templates/rails/welcome/index.html.erb (25.8ms)
Completed 200 OK in 400ms (Views: 242.1ms | ActiveRecord: 0.0ms)


Started GET "/" for 127.0.0.1 at 2018-12-17 21:21:38 +0545
Processing by Rails::WelcomeController#index as HTML
  Rendering C:/RailsInstaller/Ruby2.3.3/lib/ruby/gems/2.3.0/gems/railties-5.2.2/lib/rails/templates/rails/welcome/index.html.erb
  Rendered C:/RailsInstaller/Ruby2.3.3/lib/ruby/gems/2.3.0/gems/railties-5.2.2/lib/rails/templates/rails/welcome/index.html.erb (5.9ms)
Completed 200 OK in 312ms (Views: 150.6ms | ActiveRecord: 0.0ms)


Started GET "/" for 127.0.0.1 at 2018-12-17 21:22:22 +0545
Processing by Rails::WelcomeController#index as HTML
  Rendering C:/RailsInstaller/Ruby2.3.3/lib/ruby/gems/2.3.0/gems/railties-5.2.2/lib/rails/templates/rails/welcome/index.html.erb
  Rendered C:/RailsInstaller/Ruby2.3.3/lib/ruby/gems/2.3.0/gems/railties-5.2.2/lib/rails/templates/rails/welcome/index.html.erb (5.5ms)
Completed 200 OK in 293ms (Views: 149.5ms | ActiveRecord: 0.0ms)


Started GET "/welcome/index" for 127.0.0.1 at 2018-12-17 21:22:29 +0545
Processing by WelcomeController#index as HTML
  Rendering welcome/index.html.erb within layouts/application
  Rendered welcome/index.html.erb within layouts/application (0.5ms)
Completed 200 OK in 238ms (Views: 178.5ms | ActiveRecord: 0.0ms)


Started GET "/" for 127.0.0.1 at 2018-12-17 21:23:00 +0545
Processing by Rails::WelcomeController#index as HTML
  Rendering C:/RailsInstaller/Ruby2.3.3/lib/ruby/gems/2.3.0/gems/railties-5.2.2/lib/rails/templates/rails/welcome/index.html.erb
  Rendered C:/RailsInstaller/Ruby2.3.3/lib/ruby/gems/2.3.0/gems/railties-5.2.2/lib/rails/templates/rails/welcome/index.html.erb (6.6ms)
Completed 200 OK in 356ms (Views: 152.0ms | ActiveRecord: 0.0ms)


Started GET "/welcome/index" for 127.0.0.1 at 2018-12-17 21:23:05 +0545
Processing by WelcomeController#index as HTML
  Rendering welcome/index.html.erb within layouts/application
  Rendered welcome/index.html.erb within layouts/application (0.5ms)
Completed 200 OK in 240ms (Views: 179.3ms | ActiveRecord: 0.0ms)


Started GET "/" for 127.0.0.1 at 2019-01-10 16:25:10 +0545
Processing by Rails::WelcomeController#index as HTML
  Rendering C:/RailsInstaller/Ruby2.3.3/lib/ruby/gems/2.3.0/gems/railties-5.2.2/lib/rails/templates/rails/welcome/index.html.erb
  Rendered C:/RailsInstaller/Ruby2.3.3/lib/ruby/gems/2.3.0/gems/railties-5.2.2/lib/rails/templates/rails/welcome/index.html.erb (23.1ms)
Completed 200 OK in 509ms (Views: 250.8ms | ActiveRecord: 0.0ms)


Started GET "/" for 127.0.0.1 at 2019-01-10 16:25:29 +0545
Processing by Rails::WelcomeController#index as HTML
  Rendering C:/RailsInstaller/Ruby2.3.3/lib/ruby/gems/2.3.0/gems/railties-5.2.2/lib/rails/templates/rails/welcome/index.html.erb
  Rendered C:/RailsInstaller/Ruby2.3.3/lib/ruby/gems/2.3.0/gems/railties-5.2.2/lib/rails/templates/rails/welcome/index.html.erb (13.7ms)
Completed 200 OK in 580ms (Views: 383.4ms | ActiveRecord: 0.0ms)


Started GET "/" for 127.0.0.1 at 2019-01-10 16:32:48 +0545
Processing by Rails::WelcomeController#index as HTML
  Rendering C:/RailsInstaller/Ruby2.3.3/lib/ruby/gems/2.3.0/gems/railties-5.2.2/lib/rails/templates/rails/welcome/index.html.erb
  Rendered C:/RailsInstaller/Ruby2.3.3/lib/ruby/gems/2.3.0/gems/railties-5.2.2/lib/rails/templates/rails/welcome/index.html.erb (11.4ms)
Completed 200 OK in 371ms (Views: 191.8ms | ActiveRecord: 0.0ms)


Started GET "/" for 127.0.0.1 at 2019-01-11 13:10:25 +0545
Processing by Rails::WelcomeController#index as HTML
  Rendering C:/RailsInstaller/Ruby2.3.3/lib/ruby/gems/2.3.0/gems/railties-5.2.2/lib/rails/templates/rails/welcome/index.html.erb
  Rendered C:/RailsInstaller/Ruby2.3.3/lib/ruby/gems/2.3.0/gems/railties-5.2.2/lib/rails/templates/rails/welcome/index.html.erb (18.3ms)
Completed 200 OK in 437ms (Views: 254.1ms | ActiveRecord: 0.0ms)


Started GET "/" for 127.0.0.1 at 2019-01-11 13:14:17 +0545
Processing by Rails::WelcomeController#index as HTML
  Rendering C:/RailsInstaller/Ruby2.3.3/lib/ruby/gems/2.3.0/gems/railties-5.2.2/lib/rails/templates/rails/welcome/index.html.erb
  Rendered C:/RailsInstaller/Ruby2.3.3/lib/ruby/gems/2.3.0/gems/railties-5.2.2/lib/rails/templates/rails/welcome/index.html.erb (6.4ms)
Completed 200 OK in 308ms (Views: 157.0ms | ActiveRecord: 0.0ms)


Started GET "/" for 127.0.0.1 at 2019-01-11 13:14:19 +0545
Processing by Rails::WelcomeController#index as HTML
  Rendering C:/RailsInstaller/Ruby2.3.3/lib/ruby/gems/2.3.0/gems/railties-5.2.2/lib/rails/templates/rails/welcome/index.html.erb
  Rendered C:/RailsInstaller/Ruby2.3.3/lib/ruby/gems/2.3.0/gems/railties-5.2.2/lib/rails/templates/rails/welcome/index.html.erb (6.4ms)
Completed 200 OK in 316ms (Views: 166.8ms | ActiveRecord: 0.0ms)


Started GET "/" for 127.0.0.1 at 2019-01-11 13:15:53 +0545
Processing by WelcomeController#index as HTML
  Rendering welcome/index.html.erb within layouts/application
  Rendered welcome/index.html.erb within layouts/application (0.6ms)
Completed 200 OK in 267ms (Views: 203.0ms | ActiveRecord: 0.0ms)


Started GET "/" for 127.0.0.1 at 2019-01-11 13:16:41 +0545
  
ArgumentError (Missing :controller key on routes definition, please check your routes.):
  
config/routes.rb:4:in `block in <top (required)>'
config/routes.rb:1:in `<top (required)>'
Started GET "/" for 127.0.0.1 at 2019-01-11 13:17:40 +0545
Processing by WelcomeController#index as HTML
  Rendering welcome/index.html.erb within layouts/application
  Rendered welcome/index.html.erb within layouts/application (0.7ms)
Completed 200 OK in 262ms (Views: 185.7ms | ActiveRecord: 0.0ms)


Started GET "/" for 127.0.0.1 at 2019-01-11 13:20:11 +0545
Processing by WelcomeController#index as HTML
  Rendering welcome/index.html.erb within layouts/application
  Rendered welcome/index.html.erb within layouts/application (0.6ms)
Completed 200 OK in 254ms (Views: 181.7ms | ActiveRecord: 0.0ms)


Started GET "/" for 127.0.0.1 at 2019-01-11 13:23:53 +0545
Processing by WelcomeController#index as HTML
  Rendering welcome/index.html.erb within layouts/application
  Rendered welcome/index.html.erb within layouts/application (0.6ms)
Completed 200 OK in 243ms (Views: 181.2ms | ActiveRecord: 0.0ms)


Started GET "/" for 127.0.0.1 at 2019-01-11 13:24:09 +0545
Processing by WelcomeController#index as HTML
  Rendering welcome/index.html.erb within layouts/application
  Rendered welcome/index.html.erb within layouts/application (0.6ms)
Completed 200 OK in 244ms (Views: 182.0ms | ActiveRecord: 0.0ms)


